Build started 2014-01-07 7:42:50 PM.
     1>Project "C:\Users\Arash\Documents\GitHub\TextGame\TextGameDemo\TextGameDemo.vcxproj" on node 2 (Build target(s)).
     1>ClCompile:
         C:\Program Files (x86)\Microsoft Visual Studio 11.0\VC\bin\CL.exe /c /ZI /nologo /W3 /WX- /sdl /Od /Oy- /D WIN32 /D _DEBUG /D _CONSOLE /D _UNICODE /D UNICODE /Gm /EHsc /RTC1 /MDd /GS /fp:precise /Zc:wchar_t /Zc:forScope /Yu"stdafx.h" /Fp"Debug\TextGameDemo.pch" /Fo"Debug\\" /Fd"Debug\vc110.pdb" /Gd /TP /analyze- /errorReport:prompt TextGameDemo.cpp
         TextGameDemo.cpp
     1>c:\users\arash\documents\github\textgame\textgamedemo\racetype.h(22): error C2011: 'RaceType::Race' : 'enum' type redefinition
                 c:\users\arash\documents\github\textgame\textgamedemo\racetype.h(8) : see declaration of 'RaceType::Race'
     1>c:\users\arash\documents\github\textgame\textgamedemo\racetype.h(52): warning C4172: returning address of local variable or temporary
     1>c:\users\arash\documents\github\textgame\textgamedemo\racetype.h(96): error C2027: use of undefined type 'RaceType::Race'
                 c:\users\arash\documents\github\textgame\textgamedemo\racetype.h(8) : see declaration of 'RaceType::Race'
     1>c:\users\arash\documents\github\textgame\textgamedemo\racetype.h(97): error C2027: use of undefined type 'RaceType::Race'
                 c:\users\arash\documents\github\textgame\textgamedemo\racetype.h(8) : see declaration of 'RaceType::Race'
     1>c:\users\arash\documents\github\textgame\textgamedemo\itemtype.h(28): warning C4172: returning address of local variable or temporary
     1>c:\users\arash\documents\github\textgame\textgamedemo\textgamedemo.cpp(42): error C2248: 'RaceType::Race' : cannot access private enum declared in class 'RaceType'
                 c:\users\arash\documents\github\textgame\textgamedemo\racetype.h(8) : see declaration of 'RaceType::Race'
                 c:\users\arash\documents\github\textgame\textgamedemo\racetype.h(7) : see declaration of 'RaceType'
     1>c:\users\arash\documents\github\textgame\textgamedemo\textgamedemo.cpp(43): error C2679: binary '=' : no operator found which takes a right-hand operand of type 'const std::vector<_Ty>' (or there is no acceptable conversion)
                 with
                 [
                     _Ty=RaceType
                 ]
                 c:\program files (x86)\microsoft visual studio 11.0\vc\include\vector(802): could be 'std::vector<_Ty> &std::vector<_Ty>::operator =(std::vector<_Ty> &&)'
                 with
                 [
                     _Ty=RaceType::Race
                 ]
                 c:\program files (x86)\microsoft visual studio 11.0\vc\include\vector(903): or       'std::vector<_Ty> &std::vector<_Ty>::operator =(const std::vector<_Ty> &)'
                 with
                 [
                     _Ty=RaceType::Race
                 ]
                 while trying to match the argument list '(std::vector<_Ty>, const std::vector<_Ty>)'
                 with
                 [
                     _Ty=RaceType::Race
                 ]
                 and
                 [
                     _Ty=RaceType
                 ]
     1>c:\users\arash\documents\github\textgame\textgamedemo\textgamedemo.cpp(45): warning C4018: '<' : signed/unsigned mismatch
     1>Done Building Project "C:\Users\Arash\Documents\GitHub\TextGame\TextGameDemo\TextGameDemo.vcxproj" (Build target(s)) -- FAILED.

Build FAILED.

Time Elapsed 00:00:00.69
